2025-08-15 23:18:44,147 - data_preprocessing - DEBUG - Data loaded properly
2025-08-15 23:18:44,147 - data_preprocessing - DEBUG - Starting preprocessing for DataFrame
2025-08-15 23:18:44,152 - data_preprocessing - DEBUG - Target column encoded
2025-08-15 23:18:44,163 - data_preprocessing - DEBUG - Duplicates removed
2025-08-15 23:18:44,165 - data_preprocessing - ERROR - Error during text normalization: 
**********************************************************************
  Resource [93mpunkt_tab[0m not found.
  Please use the NLTK Downloader to obtain the resource:

  [31m>>> import nltk
  >>> nltk.download('punkt_tab')
  [0m
  For more information see: https://www.nltk.org/data.html

  Attempted to load [93mtokenizers/punkt_tab/english/[0m

  Searched in:
    - 'C:\\Users\\Ahsan/nltk_data'
    - 'C:\\Users\\Ahsan\\AppData\\Local\\Programs\\Python\\Python313\\nltk_data'
    - 'C:\\Users\\Ahsan\\AppData\\Local\\Programs\\Python\\Python313\\share\\nltk_data'
    - 'C:\\Users\\Ahsan\\AppData\\Local\\Programs\\Python\\Python313\\lib\\nltk_data'
    - 'C:\\Users\\Ahsan\\AppData\\Roaming\\nltk_data'
    - 'C:\\nltk_data'
    - 'D:\\nltk_data'
    - 'E:\\nltk_data'
**********************************************************************

2025-08-15 23:18:44,173 - data_preprocessing - ERROR - Failed to complete the data transformation process: 
**********************************************************************
  Resource [93mpunkt_tab[0m not found.
  Please use the NLTK Downloader to obtain the resource:

  [31m>>> import nltk
  >>> nltk.download('punkt_tab')
  [0m
  For more information see: https://www.nltk.org/data.html

  Attempted to load [93mtokenizers/punkt_tab/english/[0m

  Searched in:
    - 'C:\\Users\\Ahsan/nltk_data'
    - 'C:\\Users\\Ahsan\\AppData\\Local\\Programs\\Python\\Python313\\nltk_data'
    - 'C:\\Users\\Ahsan\\AppData\\Local\\Programs\\Python\\Python313\\share\\nltk_data'
    - 'C:\\Users\\Ahsan\\AppData\\Local\\Programs\\Python\\Python313\\lib\\nltk_data'
    - 'C:\\Users\\Ahsan\\AppData\\Roaming\\nltk_data'
    - 'C:\\nltk_data'
    - 'D:\\nltk_data'
    - 'E:\\nltk_data'
**********************************************************************

2025-08-15 23:22:53,716 - data_preprocessing - DEBUG - Data loaded properly
2025-08-15 23:22:53,717 - data_preprocessing - DEBUG - Starting preprocessing for DataFrame
2025-08-15 23:22:53,718 - data_preprocessing - DEBUG - Target column encoded
2025-08-15 23:22:53,723 - data_preprocessing - DEBUG - Duplicates removed
2025-08-15 23:23:06,977 - data_preprocessing - DEBUG - Text column transformed
2025-08-15 23:23:06,978 - data_preprocessing - DEBUG - Starting preprocessing for DataFrame
2025-08-15 23:23:06,979 - data_preprocessing - DEBUG - Target column encoded
2025-08-15 23:23:06,980 - data_preprocessing - DEBUG - Duplicates removed
2025-08-15 23:23:10,312 - data_preprocessing - DEBUG - Text column transformed
2025-08-15 23:23:10,328 - data_preprocessing - DEBUG - Processed data saved to ./data\interim
2025-08-16 01:45:55,360 - data_preprocessing - DEBUG - Data loaded properly
2025-08-16 01:45:55,361 - data_preprocessing - DEBUG - Starting preprocessing for DataFrame
2025-08-16 01:45:55,364 - data_preprocessing - DEBUG - Target column encoded
2025-08-16 01:45:55,367 - data_preprocessing - DEBUG - Duplicates removed
2025-08-16 01:46:08,631 - data_preprocessing - DEBUG - Text column transformed
2025-08-16 01:46:08,632 - data_preprocessing - DEBUG - Starting preprocessing for DataFrame
2025-08-16 01:46:08,633 - data_preprocessing - DEBUG - Target column encoded
2025-08-16 01:46:08,634 - data_preprocessing - DEBUG - Duplicates removed
2025-08-16 01:46:12,353 - data_preprocessing - DEBUG - Text column transformed
2025-08-16 01:46:12,372 - data_preprocessing - DEBUG - Processed data saved to ./data\interim
2025-08-16 01:49:52,442 - data_preprocessing - DEBUG - Data loaded properly
2025-08-16 01:49:52,442 - data_preprocessing - DEBUG - Starting preprocessing for DataFrame
2025-08-16 01:49:52,444 - data_preprocessing - DEBUG - Target column encoded
2025-08-16 01:49:52,447 - data_preprocessing - DEBUG - Duplicates removed
2025-08-16 01:50:05,412 - data_preprocessing - DEBUG - Text column transformed
2025-08-16 01:50:05,412 - data_preprocessing - DEBUG - Starting preprocessing for DataFrame
2025-08-16 01:50:05,413 - data_preprocessing - DEBUG - Target column encoded
2025-08-16 01:50:05,415 - data_preprocessing - DEBUG - Duplicates removed
2025-08-16 01:50:08,991 - data_preprocessing - DEBUG - Text column transformed
2025-08-16 01:50:09,008 - data_preprocessing - DEBUG - Processed data saved to ./data\interim
